This is pdfTeX, Version 3.14159265-2.6-1.40.20 (TeX Live 2019/Debian) (preloaded format=latex 2020.6.17)  5 JUL 2020 15:42
entering extended mode
 restricted \write18 enabled.
 %&-line parsing enabled.
**\makeatletter\def\HCode{\futurelet\HCode\HChar}\def\HChar{\ifx"\HCode\def\HCo
de"##1"{\Link##1}\expandafter\HCode\else\expandafter\Link\fi}\def\Link#1.a.b.c.
{\g@addto@macro\@documentclasshook{\RequirePackage[#1,html]{tex4ht}}\let\HCode\
documentstyle\def\documentstyle{\let\documentstyle\HCode\expandafter\def\csname
 tex4ht\endcsname{#1,html}\def\HCode####1{\documentstyle[tex4ht,}\@ifnextchar[{
\HCode}{\documentstyle[tex4ht]}}}\makeatother\HCode config.cfg,,charset=utf-8,h
tml5.a.b.c.\input "\detokenize{main.tex}"
(./main.tex (/usr/share/texlive/texmf-dist/tex/latex/base/article.cls
Document Class: article 2019/12/20 v1.4l Standard LaTeX document class
(/usr/share/texlive/texmf-dist/tex/latex/base/size10.clo
File: size10.clo 2019/12/20 v1.4l Standard LaTeX file (size option)
)
\c@part=\count167
\c@section=\count168
\c@subsection=\count169
\c@subsubsection=\count170
\c@paragraph=\count171
\c@subparagraph=\count172
\c@figure=\count173
\c@table=\count174
\abovecaptionskip=\skip47
\belowcaptionskip=\skip48
\bibindent=\dimen134
) (/usr/share/texlive/texmf-dist/tex/generic/tex4ht/tex4ht.sty
version 2019-03-18-15:24
Package: tex4ht 
--------------------------------------
--- Note --- for _ at preamble, use the command line option `early_'
--------------------------------------
--------------------------------------
--- Note --- for ^ at preamble, use the command line option `early^'
--------------------------------------
\tmp:toks=\toks14
) (/usr/share/texlive/texmf-dist/tex/generic/tex4ht/usepackage.4ht
version 2019-12-19-14:27
) (./simpleConference.sty
\@ctmp=\skip49
\@figindent=\skip50
) (/usr/share/texlive/texmf-dist/tex/latex/base/inputenc.sty
Package: inputenc 2018/08/11 v1.3c Input encoding file
\inpenc@prehook=\toks15
\inpenc@posthook=\toks16
) (/usr/share/texlive/texmf-dist/tex/latex/psnfss/times.sty
Package: times 2005/04/12 PSNFSS-v9.2a (SPQR) 
) (/usr/share/texlive/texmf-dist/tex/latex/graphics/graphicx.sty
Package: graphicx 2019/11/30 v1.2a Enhanced LaTeX Graphics (DPC,SPQR)
(/usr/share/texlive/texmf-dist/tex/latex/graphics/keyval.sty
Package: keyval 2014/10/28 v1.15 key=value parser (DPC)
\KV@toks@=\toks17
) (/usr/share/texlive/texmf-dist/tex/generic/tex4ht/usepackage.4ht
version 2019-12-19-14:27
) (/usr/share/texlive/texmf-dist/tex/latex/graphics/graphics.sty
Package: graphics 2019/11/30 v1.4a Standard LaTeX Graphics (DPC,SPQR)
(/usr/share/texlive/texmf-dist/tex/latex/graphics/trig.sty
Package: trig 2016/01/03 v1.10 sin cos tan (DPC)
) (/usr/share/texlive/texmf-dist/tex/latex/graphics-cfg/graphics.cfg
File: graphics.cfg 2016/06/04 v1.11 sample graphics configuration
)
Package graphics Info: Driver file: dvips.def on input line 105.
(/usr/share/texlive/texmf-dist/tex/latex/graphics-def/dvips.def
File: dvips.def 2017/06/20 v3.1d Graphics/color driver for dvips
))
\Gin@req@height=\dimen135
\Gin@req@width=\dimen136
) (/usr/share/texlive/texmf-dist/tex/latex/amsmath/amsmath.sty
Package: amsmath 2020/01/20 v2.17e AMS math features
\@mathmargin=\skip51
For additional information on amsmath, use the `?' option.
(/usr/share/texlive/texmf-dist/tex/latex/amsmath/amstext.sty
Package: amstext 2000/06/29 v2.01 AMS text
(/usr/share/texlive/texmf-dist/tex/latex/amsmath/amsgen.sty
File: amsgen.sty 1999/11/30 v2.0 generic functions
\@emptytoks=\toks18
\ex@=\dimen137
)) (/usr/share/texlive/texmf-dist/tex/latex/amsmath/amsbsy.sty
Package: amsbsy 1999/11/29 v1.2d Bold Symbols
\pmbraise@=\dimen138
) (/usr/share/texlive/texmf-dist/tex/latex/amsmath/amsopn.sty
Package: amsopn 2016/03/08 v2.02 operator names
)
\inf@bad=\count175
LaTeX Info: Redefining \frac on input line 227.
\uproot@=\count176
\leftroot@=\count177
LaTeX Info: Redefining \overline on input line 389.
\classnum@=\count178
\DOTSCASE@=\count179
LaTeX Info: Redefining \ldots on input line 486.
LaTeX Info: Redefining \dots on input line 489.
LaTeX Info: Redefining \cdots on input line 610.
\Mathstrutbox@=\box45
\strutbox@=\box46
\big@size=\dimen139
LaTeX Font Info:    Redeclaring font encoding OML on input line 733.
LaTeX Font Info:    Redeclaring font encoding OMS on input line 734.
\macc@depth=\count180
\c@MaxMatrixCols=\count181
\dotsspace@=\muskip16
\c@parentequation=\count182
\dspbrk@lvl=\count183
\tag@help=\toks19
\row@=\count184
\column@=\count185
\maxfields@=\count186
\andhelp@=\toks20
\eqnshift@=\dimen140
\alignsep@=\dimen141
\tagshift@=\dimen142
\tagwidth@=\dimen143
\totwidth@=\dimen144
\lineht@=\dimen145
\@envbody=\toks21
\multlinegap=\skip52
\multlinetaggap=\skip53
\mathdisplay@stack=\toks22
LaTeX Info: Redefining \[ on input line 2859.
LaTeX Info: Redefining \] on input line 2860.
) (/usr/share/texlive/texmf-dist/tex/latex/amscls/amsthm.sty
Package: amsthm 2017/10/31 v2.20.4
\thm@style=\toks23
\thm@bodyfont=\toks24
\thm@headfont=\toks25
\thm@notefont=\toks26
\thm@headpunct=\toks27
\thm@preskip=\skip54
\thm@postskip=\skip55
\thm@headsep=\skip56
\dth@everypar=\toks28
) (/usr/share/texlive/texmf-dist/tex/latex/amsfonts/amssymb.sty
Package: amssymb 2013/01/14 v3.01 AMS font symbols
(/usr/share/texlive/texmf-dist/tex/latex/amsfonts/amsfonts.sty
Package: amsfonts 2013/01/14 v3.01 Basic AMSFonts support
\symAMSa=\mathgroup4
\symAMSb=\mathgroup5
LaTeX Font Info:    Redeclaring math symbol \hbar on input line 98.
LaTeX Font Info:    Overwriting math alphabet `\mathfrak' in version `bold'
(Font)                  U/euf/m/n --> U/euf/b/n on input line 106.
)) (/usr/share/texlive/texmf-dist/tex/generic/tex4ht/usepackage.4ht
version 2019-12-19-14:27
) (/usr/share/texlive/texmf-dist/tex/latex/pgf/frontendlayer/tikz.sty (/usr/sha
re/texlive/texmf-dist/tex/latex/pgf/basiclayer/pgf.sty (/usr/share/texlive/texm
f-dist/tex/latex/pgf/utilities/pgfrcs.sty (/usr/share/texlive/texmf-dist/tex/ge
neric/pgf/utilities/pgfutil-common.tex
\pgfutil@everybye=\toks29
\pgfutil@tempdima=\dimen146
\pgfutil@tempdimb=\dimen147

(/usr/share/texlive/texmf-dist/tex/generic/pgf/utilities/pgfutil-common-lists.t
ex)) (/usr/share/texlive/texmf-dist/tex/generic/pgf/utilities/pgfutil-latex.def
\pgfutil@abb=\box47
(/usr/share/texlive/texmf-dist/tex/latex/ms/everyshi.sty
Package: everyshi 2001/05/15 v3.00 EveryShipout Package (MS)
)) (/usr/share/texlive/texmf-dist/tex/generic/pgf/utilities/pgfrcs.code.tex (/u
sr/share/texlive/texmf-dist/tex/generic/pgf/pgf.revision.tex)
Package: pgfrcs 2020/01/08 v3.1.5b (3.1.5b)
))
Package: pgf 2020/01/08 v3.1.5b (3.1.5b)
(/usr/share/texlive/texmf-dist/tex/latex/pgf/basiclayer/pgfcore.sty (/usr/share
/texlive/texmf-dist/tex/latex/pgf/systemlayer/pgfsys.sty (/usr/share/texlive/te
xmf-dist/tex/generic/pgf/systemlayer/pgfsys.code.tex
Package: pgfsys 2020/01/08 v3.1.5b (3.1.5b)
(/usr/share/texlive/texmf-dist/tex/generic/pgf/utilities/pgfkeys.code.tex
\pgfkeys@pathtoks=\toks30
\pgfkeys@temptoks=\toks31

(/usr/share/texlive/texmf-dist/tex/generic/pgf/utilities/pgfkeysfiltered.code.t
ex
\pgfkeys@tmptoks=\toks32
))
\pgf@x=\dimen148
\pgf@y=\dimen149
\pgf@xa=\dimen150
\pgf@ya=\dimen151
\pgf@xb=\dimen152
\pgf@yb=\dimen153
\pgf@xc=\dimen154
\pgf@yc=\dimen155
\pgf@xd=\dimen156
\pgf@yd=\dimen157
\w@pgf@writea=\write3
\r@pgf@reada=\read2
\c@pgf@counta=\count187
\c@pgf@countb=\count188
\c@pgf@countc=\count189
\c@pgf@countd=\count190
\t@pgf@toka=\toks33
\t@pgf@tokb=\toks34
\t@pgf@tokc=\toks35
\pgf@sys@id@count=\count191
(/usr/share/texlive/texmf-dist/tex/generic/pgf/systemlayer/pgf.cfg
File: pgf.cfg 2020/01/08 v3.1.5b (3.1.5b)
)
Driver file for pgf: pgfsys-tex4ht.def
(/usr/share/texlive/texmf-dist/tex/generic/pgf/systemlayer/pgfsys-tex4ht.def
File: pgfsys-tex4ht.def 2020/01/08 v3.1.5b (3.1.5b)

(/usr/share/texlive/texmf-dist/tex/generic/pgf/systemlayer/pgfsys-common-svg.de
f
File: pgfsys-common-svg.def 2020/01/08 v3.1.5b (3.1.5b)
\pgf@sys@svg@objectcount=\count192
\pgf@sys@svg@scopecount=\count193
\pgf@sys@svg@type@count=\count194
\pgf@sys@svg@canvascount=\count195
)
\pgf@sys@svg@picnum=\count196
\pgf@sys@svg@nodenum=\count197
\pgfsys@foreignobject@Box=\box48
\pgf@s=\dimen158
\pgf@t=\dimen159
(/usr/share/texlive/texmf-dist/tex/generic/tex4ht/usepackage.4ht
version 2019-12-19-14:27
) (/usr/share/texlive/texmf-dist/tex/latex/xcolor/xcolor.sty
Package: xcolor 2016/05/11 v2.12 LaTeX color extensions (UK)
(/usr/share/texlive/texmf-dist/tex/latex/graphics-cfg/color.cfg
File: color.cfg 2016/01/02 v1.6 sample color configuration
)
Package xcolor Info: Driver file: dvips.def on input line 225.
Package xcolor Info: Model `cmy' substituted by `cmy0' on input line 1348.
Package xcolor Info: Model `RGB' extended on input line 1364.
Package xcolor Info: Model `HTML' substituted by `rgb' on input line 1366.
Package xcolor Info: Model `Hsb' substituted by `hsb' on input line 1367.
Package xcolor Info: Model `tHsb' substituted by `hsb' on input line 1368.
Package xcolor Info: Model `HSB' substituted by `hsb' on input line 1369.
Package xcolor Info: Model `Gray' substituted by `gray' on input line 1370.
Package xcolor Info: Model `wave' substituted by `hsb' on input line 1371.
)))
(/usr/share/texlive/texmf-dist/tex/generic/pgf/systemlayer/pgfsyssoftpath.code.
tex
File: pgfsyssoftpath.code.tex 2020/01/08 v3.1.5b (3.1.5b)
\pgfsyssoftpath@smallbuffer@items=\count198
\pgfsyssoftpath@bigbuffer@items=\count199
)
(/usr/share/texlive/texmf-dist/tex/generic/pgf/systemlayer/pgfsysprotocol.code.
tex
File: pgfsysprotocol.code.tex 2020/01/08 v3.1.5b (3.1.5b)
)) (/usr/share/texlive/texmf-dist/tex/generic/tex4ht/usepackage.4ht
version 2019-12-19-14:27
) (/usr/share/texlive/texmf-dist/tex/generic/pgf/basiclayer/pgfcore.code.tex
Package: pgfcore 2020/01/08 v3.1.5b (3.1.5b)
(/usr/share/texlive/texmf-dist/tex/generic/pgf/math/pgfmath.code.tex (/usr/shar
e/texlive/texmf-dist/tex/generic/pgf/math/pgfmathcalc.code.tex (/usr/share/texl
ive/texmf-dist/tex/generic/pgf/math/pgfmathutil.code.tex) (/usr/share/texlive/t
exmf-dist/tex/generic/pgf/math/pgfmathparser.code.tex
\pgfmath@dimen=\dimen160
\pgfmath@count=\count266
\pgfmath@box=\box49
\pgfmath@toks=\toks36
\pgfmath@stack@operand=\toks37
\pgfmath@stack@operation=\toks38
) (/usr/share/texlive/texmf-dist/tex/generic/pgf/math/pgfmathfunctions.code.tex

(/usr/share/texlive/texmf-dist/tex/generic/pgf/math/pgfmathfunctions.basic.code
.tex)
(/usr/share/texlive/texmf-dist/tex/generic/pgf/math/pgfmathfunctions.trigonomet
ric.code.tex)
(/usr/share/texlive/texmf-dist/tex/generic/pgf/math/pgfmathfunctions.random.cod
e.tex)
(/usr/share/texlive/texmf-dist/tex/generic/pgf/math/pgfmathfunctions.comparison
.code.tex)
(/usr/share/texlive/texmf-dist/tex/generic/pgf/math/pgfmathfunctions.base.code.
tex)
(/usr/share/texlive/texmf-dist/tex/generic/pgf/math/pgfmathfunctions.round.code
.tex)
(/usr/share/texlive/texmf-dist/tex/generic/pgf/math/pgfmathfunctions.misc.code.
tex)
(/usr/share/texlive/texmf-dist/tex/generic/pgf/math/pgfmathfunctions.integerari
thmetics.code.tex))) (/usr/share/texlive/texmf-dist/tex/generic/pgf/math/pgfmat
hfloat.code.tex
\c@pgfmathroundto@lastzeros=\count267
)) (/usr/share/texlive/texmf-dist/tex/generic/pgf/math/pgfint.code.tex)
(/usr/share/texlive/texmf-dist/tex/generic/pgf/basiclayer/pgfcorepoints.code.te
x
File: pgfcorepoints.code.tex 2020/01/08 v3.1.5b (3.1.5b)
\pgf@picminx=\dimen161
\pgf@picmaxx=\dimen162
\pgf@picminy=\dimen163
\pgf@picmaxy=\dimen164
\pgf@pathminx=\dimen165
\pgf@pathmaxx=\dimen166
\pgf@pathminy=\dimen167
\pgf@pathmaxy=\dimen168
\pgf@xx=\dimen169
\pgf@xy=\dimen170
\pgf@yx=\dimen171
\pgf@yy=\dimen172
\pgf@zx=\dimen173
\pgf@zy=\dimen174
)
(/usr/share/texlive/texmf-dist/tex/generic/pgf/basiclayer/pgfcorepathconstruct.
code.tex
File: pgfcorepathconstruct.code.tex 2020/01/08 v3.1.5b (3.1.5b)
\pgf@path@lastx=\dimen175
\pgf@path@lasty=\dimen176
)
(/usr/share/texlive/texmf-dist/tex/generic/pgf/basiclayer/pgfcorepathusage.code
.tex
File: pgfcorepathusage.code.tex 2020/01/08 v3.1.5b (3.1.5b)
\pgf@shorten@end@additional=\dimen177
\pgf@shorten@start@additional=\dimen178
)
(/usr/share/texlive/texmf-dist/tex/generic/pgf/basiclayer/pgfcorescopes.code.te
x
File: pgfcorescopes.code.tex 2020/01/08 v3.1.5b (3.1.5b)
\pgfpic=\box50
\pgf@hbox=\box51
\pgf@layerbox@main=\box52
\pgf@picture@serial@count=\count268
)
(/usr/share/texlive/texmf-dist/tex/generic/pgf/basiclayer/pgfcoregraphicstate.c
ode.tex
File: pgfcoregraphicstate.code.tex 2020/01/08 v3.1.5b (3.1.5b)
\pgflinewidth=\dimen179
)
(/usr/share/texlive/texmf-dist/tex/generic/pgf/basiclayer/pgfcoretransformation
s.code.tex
File: pgfcoretransformations.code.tex 2020/01/08 v3.1.5b (3.1.5b)
\pgf@pt@x=\dimen180
\pgf@pt@y=\dimen181
\pgf@pt@temp=\dimen182
)
(/usr/share/texlive/texmf-dist/tex/generic/pgf/basiclayer/pgfcorequick.code.tex
File: pgfcorequick.code.tex 2020/01/08 v3.1.5b (3.1.5b)
)
(/usr/share/texlive/texmf-dist/tex/generic/pgf/basiclayer/pgfcoreobjects.code.t
ex
File: pgfcoreobjects.code.tex 2020/01/08 v3.1.5b (3.1.5b)
)
(/usr/share/texlive/texmf-dist/tex/generic/pgf/basiclayer/pgfcorepathprocessing
.code.tex
File: pgfcorepathprocessing.code.tex 2020/01/08 v3.1.5b (3.1.5b)
)
(/usr/share/texlive/texmf-dist/tex/generic/pgf/basiclayer/pgfcorearrows.code.te
x
File: pgfcorearrows.code.tex 2020/01/08 v3.1.5b (3.1.5b)
\pgfarrowsep=\dimen183
)
(/usr/share/texlive/texmf-dist/tex/generic/pgf/basiclayer/pgfcoreshade.code.tex
File: pgfcoreshade.code.tex 2020/01/08 v3.1.5b (3.1.5b)
\pgf@max=\dimen184
\pgf@sys@shading@range@num=\count269
\pgf@shadingcount=\count270
)
(/usr/share/texlive/texmf-dist/tex/generic/pgf/basiclayer/pgfcoreimage.code.tex
File: pgfcoreimage.code.tex 2020/01/08 v3.1.5b (3.1.5b)

(/usr/share/texlive/texmf-dist/tex/generic/pgf/basiclayer/pgfcoreexternal.code.
tex
File: pgfcoreexternal.code.tex 2020/01/08 v3.1.5b (3.1.5b)
\pgfexternal@startupbox=\box53
))
(/usr/share/texlive/texmf-dist/tex/generic/pgf/basiclayer/pgfcorelayers.code.te
x
File: pgfcorelayers.code.tex 2020/01/08 v3.1.5b (3.1.5b)
)
(/usr/share/texlive/texmf-dist/tex/generic/pgf/basiclayer/pgfcoretransparency.c
ode.tex
File: pgfcoretransparency.code.tex 2020/01/08 v3.1.5b (3.1.5b)
)
(/usr/share/texlive/texmf-dist/tex/generic/pgf/basiclayer/pgfcorepatterns.code.
tex
File: pgfcorepatterns.code.tex 2020/01/08 v3.1.5b (3.1.5b)
) (/usr/share/texlive/texmf-dist/tex/generic/pgf/basiclayer/pgfcorerdf.code.tex
File: pgfcorerdf.code.tex 2020/01/08 v3.1.5b (3.1.5b)
)))
(/usr/share/texlive/texmf-dist/tex/generic/pgf/modules/pgfmoduleshapes.code.tex
File: pgfmoduleshapes.code.tex 2020/01/08 v3.1.5b (3.1.5b)
\pgfnodeparttextbox=\box54
) (/usr/share/texlive/texmf-dist/tex/generic/pgf/modules/pgfmoduleplot.code.tex
File: pgfmoduleplot.code.tex 2020/01/08 v3.1.5b (3.1.5b)
)
(/usr/share/texlive/texmf-dist/tex/latex/pgf/compatibility/pgfcomp-version-0-65
.sty
Package: pgfcomp-version-0-65 2020/01/08 v3.1.5b (3.1.5b)
\pgf@nodesepstart=\dimen185
\pgf@nodesepend=\dimen186
)
(/usr/share/texlive/texmf-dist/tex/latex/pgf/compatibility/pgfcomp-version-1-18
.sty
Package: pgfcomp-version-1-18 2020/01/08 v3.1.5b (3.1.5b)
)) (/usr/share/texlive/texmf-dist/tex/latex/pgf/utilities/pgffor.sty (/usr/shar
e/texlive/texmf-dist/tex/latex/pgf/utilities/pgfkeys.sty (/usr/share/texlive/te
xmf-dist/tex/generic/pgf/utilities/pgfkeys.code.tex)) (/usr/share/texlive/texmf
-dist/tex/latex/pgf/math/pgfmath.sty (/usr/share/texlive/texmf-dist/tex/generic
/pgf/math/pgfmath.code.tex)) (/usr/share/texlive/texmf-dist/tex/generic/pgf/uti
lities/pgffor.code.tex
Package: pgffor 2020/01/08 v3.1.5b (3.1.5b)
(/usr/share/texlive/texmf-dist/tex/generic/pgf/math/pgfmath.code.tex)
\pgffor@iter=\dimen187
\pgffor@skip=\dimen188
\pgffor@stack=\toks39
\pgffor@toks=\toks40
))
(/usr/share/texlive/texmf-dist/tex/generic/pgf/frontendlayer/tikz/tikz.code.tex
Package: tikz 2020/01/08 v3.1.5b (3.1.5b)

(/usr/share/texlive/texmf-dist/tex/generic/pgf/libraries/pgflibraryplothandlers
.code.tex
File: pgflibraryplothandlers.code.tex 2020/01/08 v3.1.5b (3.1.5b)
\pgf@plot@mark@count=\count271
\pgfplotmarksize=\dimen189
)
\tikz@lastx=\dimen190
\tikz@lasty=\dimen191
\tikz@lastxsaved=\dimen192
\tikz@lastysaved=\dimen193
\tikz@lastmovetox=\dimen194
\tikz@lastmovetoy=\dimen195
\tikzleveldistance=\dimen196
\tikzsiblingdistance=\dimen197
\tikz@figbox=\box55
\tikz@figbox@bg=\box56
\tikz@tempbox=\box57
\tikz@tempbox@bg=\box58
\tikztreelevel=\count272
\tikznumberofchildren=\count273
\tikznumberofcurrentchild=\count274
\tikz@fig@count=\count275

(/usr/share/texlive/texmf-dist/tex/generic/pgf/modules/pgfmodulematrix.code.tex
File: pgfmodulematrix.code.tex 2020/01/08 v3.1.5b (3.1.5b)
\pgfmatrixcurrentrow=\count276
\pgfmatrixcurrentcolumn=\count277
\pgf@matrix@numberofcolumns=\count278
)
\tikz@expandcount=\count279

(/usr/share/texlive/texmf-dist/tex/generic/pgf/frontendlayer/tikz/libraries/tik
zlibrarytopaths.code.tex
File: tikzlibrarytopaths.code.tex 2020/01/08 v3.1.5b (3.1.5b)
))) (/usr/share/texlive/texmf-dist/tex/latex/tikz-3dplot/tikz-3dplot.sty (/usr/
share/texlive/texmf-dist/tex/latex/base/ifthen.sty
Package: ifthen 2014/09/29 v1.1c Standard LaTeX ifthen package (DPC)
)
(/usr/share/texlive/texmf-dist/tex/generic/pgf/frontendlayer/tikz/libraries/tik
zlibrarycalc.code.tex
File: tikzlibrarycalc.code.tex 2020/01/08 v3.1.5b (3.1.5b)
)
(/usr/share/texlive/texmf-dist/tex/generic/pgf/frontendlayer/tikz/libraries/tik
zlibrary3d.code.tex
File: tikzlibrary3d.code.tex 2020/01/08 v3.1.5b (3.1.5b)
)
(/usr/share/texlive/texmf-dist/tex/generic/pgf/frontendlayer/tikz/libraries/tik
zlibraryarrows.code.tex
File: tikzlibraryarrows.code.tex 2020/01/08 v3.1.5b (3.1.5b)

(/usr/share/texlive/texmf-dist/tex/generic/pgf/libraries/pgflibraryarrows.code.
tex
File: pgflibraryarrows.code.tex 2020/01/08 v3.1.5b (3.1.5b)
\arrowsize=\dimen198
))) (/usr/share/texlive/texmf-dist/tex/latex/bbm-macros/bbm.sty
Package: bbm 1999/03/15 V 1.2 provides fonts for set symbols - TH
LaTeX Font Info:    Overwriting math alphabet `\mathbbm' in version `bold'
(Font)                  U/bbm/m/n --> U/bbm/bx/n on input line 33.
LaTeX Font Info:    Overwriting math alphabet `\mathbbmss' in version `bold'
(Font)                  U/bbmss/m/n --> U/bbmss/bx/n on input line 35.
) (./support-caption.sty) (/usr/share/texlive/texmf-dist/tex/latex/caption/subc
aption.sty
Package: subcaption 2020/01/22 v1.3d Sub-captions (AR)
(/usr/share/texlive/texmf-dist/tex/generic/tex4ht/usepackage.4ht
version 2019-12-19-14:27
) (/usr/share/texlive/texmf-dist/tex/latex/caption/caption.sty
Package: caption 2020/01/03 v3.4h Customizing captions (AR)
(/usr/share/texlive/texmf-dist/tex/latex/caption/caption3.sty
Package: caption3 2020/01/03 v1.8h caption3 kernel (AR)
Package caption3 Info: TeX engine: e-TeX on input line 61.
\captionmargin=\dimen199
\captionmargin@=\dimen256
\captionwidth=\dimen257
\caption@tempdima=\dimen258
\caption@indent=\dimen259
\caption@parindent=\dimen260
\caption@hangindent=\dimen261
Package caption Info: Standard document class detected.
)
\c@caption@flags=\count280
\c@continuedfloat=\count281
)
\c@subfigure=\count282
\c@subtable=\count283
)
(/usr/share/texlive/texmf-dist/tex/generic/pgf/frontendlayer/tikz/libraries/tik
zlibrarymatrix.code.tex
File: tikzlibrarymatrix.code.tex 2020/01/08 v3.1.5b (3.1.5b)
) (/usr/share/texlive/texmf-dist/tex/latex/url/url.sty
\Urlmuskip=\muskip17
Package: url 2013/09/16  ver 3.4  Verb mode for urls, etc.
) (/usr/share/texlive/texmf-dist/tex/latex/float/float.sty
Package: float 2001/11/08 v1.3d Float enhancements (AL)
\c@float@type=\count284
\float@exts=\toks41
\float@box=\box59
\@float@everytoks=\toks42
\@floatcapt=\box60
)
\c@prop=\count285
(./config.cfg (/usr/share/texlive/texmf-dist/tex/generic/tex4ht/tex4ht.4ht
version 2018-12-30-09:29
--------------------------------------
--- Note --- for additional information, use the command line option `info'
--------------------------------------
::::::::::::::::::::::::::::::::::::::::::
 TeX4ht info is available in the log file 
::::::::::::::::::::::::::::::::::::::::::
) (/usr/share/texlive/texmf-dist/tex/generic/tex4ht/tex4ht.sty
version 2019-03-18-15:24
--- needs --- tex4ht main ---
\tmp:cnt=\count286
\openout15 = `main.tmp'.

(./main.tmp)
\tmp:dim=\skip57
(./main.xref)
\:refout=\write4
\openout4 = `main.xref'.

(/usr/share/texlive/texmf-dist/tex/generic/tex4ht/html4.4ht
version 2020-02-14-14:21
--------------------------------------
--- Note --- to remove the <?xml version=...?> processing instruction use the c
ommand line option `no-VERSION'
--------------------------------------
--------------------------------------
--- Note --- to remove the DOCTYPE declaration use the command line option `no-
DOCTYPE'
--------------------------------------
) (/usr/share/texlive/texmf-dist/tex/generic/tex4ht/unicode.4ht
version 2019-12-28-14:40
) (/usr/share/texlive/texmf-dist/tex/generic/tex4ht/mathml.4ht
version 2019-12-30-14:10
) (/usr/share/texlive/texmf-dist/tex/generic/tex4ht/html-mml.4ht
version 2018-12-05-15:46
) (/usr/share/texlive/texmf-dist/tex/generic/tex4ht/html5.4ht
version 2019-11-21-13:36
)
--------------------------------------
--- Note --- for marking of the base font, use the command line option `fonts+'

--------------------------------------
--------------------------------------
--- Note --- for non active _, use the command line option `no_'
--------------------------------------
--------------------------------------
--- Note --- for _ of catcode 13, use the command line option `_13'
--------------------------------------
--------------------------------------
--- Note --- for non active ^, use the command line option `no^'
--------------------------------------
--------------------------------------
--- Note --- for ^ of catcode 13, use the command line option `^13'
--------------------------------------
(/usr/share/texlive/texmf-dist/tex/generic/tex4ht/html4.4ht
version 2020-02-14-14:21
--------------------------------------
--- Note --- to ignore CSS font decoration, use the `NoFonts' command line opti
on
--------------------------------------
--------------------------------------
--- Note --- for jpg bitmaps of pictures, use the `jpg' command line option. (C
haracter bitmaps are controled only by `g' records of tex4ht.env and `-g' switc
hes of tex4ht.c) 
--------------------------------------
--------------------------------------
--- Note --- for gif bitmaps of pictures, use the `gif' command line option. (C
haracter bitmaps are controled only by `g' records of tex4ht.env and `-g' switc
hes of tex4ht.c) 
--------------------------------------
--------------------------------------
--- Note --- for content and toc in 2 frames, use the command line option `fram
es'
--------------------------------------
--------------------------------------
--- Note --- for content, toc, and footnotes in 3 frames, use the command line 
option `frames-fn'
--------------------------------------
--------------------------------------
--- Note --- for file extension name xht, use the command line option `xht'
--------------------------------------
TeX4ht package options: charset=utf-8,html5,html,xhtml,mathml
--------------------------------------
--- Note --- To print a timestamp, use the command line option timestamp
--------------------------------------
--------------------------------------
--- Note --- to ignore CSS code, use the command line option `-css
--------------------------------------
--------------------------------------
--- Note --- for inline CSS code, use the command line option `css-in'
--------------------------------------
--------------------------------------
--- Note --- for pop ups on mouse over, use the command line option `mouseover'

--------------------------------------
--------------------------------------
--- Note --- for addressing images in a subdirectory, use the command line opti
on `imgdir:.../'
--------------------------------------
) (/usr/share/texlive/texmf-dist/tex/generic/tex4ht/unicode.4ht
version 2019-12-28-14:40
) (/usr/share/texlive/texmf-dist/tex/generic/tex4ht/mathml.4ht
version 2019-12-30-14:10
) (/usr/share/texlive/texmf-dist/tex/generic/tex4ht/html-mml.4ht
version 2018-12-05-15:46
) (/usr/share/texlive/texmf-dist/tex/generic/tex4ht/html5.4ht
version 2019-11-21-13:36
--------------------------------------
--- Note --- To print a timestamp, use the command line option timestamp
--------------------------------------
)
\:tokwrite=\toks43
\:tokpage=\toks44
--------------------------------------
--- Note --- for back links to toc, use the command line option `sections+'
--------------------------------------
--------------------------------------
--- Note --- for linear crosslinks of pages, use the command line option `next'

--------------------------------------
\openout15 = `main.4ct'.

\:tocout=\write5
\openout5 = `main.4tc'.

(/usr/share/texlive/texmf-dist/tex/generic/tex4ht/html4.4ht
version 2020-02-14-14:21
) (/usr/share/texlive/texmf-dist/tex/generic/tex4ht/unicode.4ht
version 2019-12-28-14:40
) (/usr/share/texlive/texmf-dist/tex/generic/tex4ht/mathml.4ht
version 2019-12-30-14:10
) (/usr/share/texlive/texmf-dist/tex/generic/tex4ht/html-mml.4ht
version 2018-12-05-15:46
) (/usr/share/texlive/texmf-dist/tex/generic/tex4ht/html5.4ht
version 2019-11-21-13:36
) (/usr/share/texlive/texmf-dist/tex/generic/tex4ht/latex.4ht
version 2019-08-26-14:22
LaTeX Info: Redefining \_ on input line 168.
--------------------------------------
--- Note --- for links into captions, instead of float heads, use the command l
ine option `refcaption'
--------------------------------------
(/usr/share/texlive/texmf-dist/tex/generic/tex4ht/html4.4ht
version 2020-02-14-14:21
) (/usr/share/texlive/texmf-dist/tex/generic/tex4ht/unicode.4ht
version 2019-12-28-14:40
) (/usr/share/texlive/texmf-dist/tex/generic/tex4ht/mathml.4ht
version 2019-12-30-14:10
) (/usr/share/texlive/texmf-dist/tex/generic/tex4ht/html-mml.4ht
version 2018-12-05-15:46
) (/usr/share/texlive/texmf-dist/tex/generic/tex4ht/html5.4ht
version 2019-11-21-13:36
) (/usr/share/texlive/texmf-dist/tex/generic/tex4ht/html4.4ht
version 2020-02-14-14:21
--------------------------------------
--- Note --- For mini tocs immediately aftter the header use the command line o
ption `minitoc<'
--------------------------------------
--------------------------------------
--- Note --- for enumerated list elements with valued data, use the command lin
e option `enumerate+'
--------------------------------------
--------------------------------------
--- Note --- for enumerated list elements li's with value attributes, use the c
ommand line option `enumerate-'
--------------------------------------
--------------------------------------
--- Note --- for CSS2 code, use the command line option `css2'
--------------------------------------
--------------------------------------
--- Note --- for pictorial tabular, use the command line option `pic-tabular'
--------------------------------------
--------------------------------------
--- Note --- for bitmap fbox'es, use the command line option `pic-fbox'
--------------------------------------
--------------------------------------
--- Note --- for bitmap framebox'es, use the command line option `pic-framebox'

--------------------------------------
--------------------------------------
--- Note --- for inline footnotes use command line option `fn-in'
--------------------------------------
--------------------------------------
--- Note --- for tracing of latex font commands, use the command line option `f
onts'
--------------------------------------
--------------------------------------
--- Note --- for width specifications of tabular p entries, use the `p-width' c
ommand line option or a configuration similar to \Configure{HColWidth}{\HCode{ 
style="width:\HColWidth"}}
--------------------------------------
) (/usr/share/texlive/texmf-dist/tex/generic/tex4ht/unicode.4ht
version 2019-12-28-14:40
) (/usr/share/texlive/texmf-dist/tex/generic/tex4ht/mathml.4ht
version 2019-12-30-14:10
) (/usr/share/texlive/texmf-dist/tex/generic/tex4ht/html-mml.4ht
version 2018-12-05-15:46
) (/usr/share/texlive/texmf-dist/tex/generic/tex4ht/html5.4ht
version 2019-11-21-13:36
)) (/usr/share/texlive/texmf-dist/tex/generic/tex4ht/fontmath.4ht
version 2018-11-06-15:55
(/usr/share/texlive/texmf-dist/tex/generic/tex4ht/html4.4ht
version 2020-02-14-14:21
) (/usr/share/texlive/texmf-dist/tex/generic/tex4ht/unicode.4ht
version 2019-12-28-14:40
) (/usr/share/texlive/texmf-dist/tex/generic/tex4ht/mathml.4ht
version 2019-12-30-14:10
\tmp:bx=\box61
LaTeX Font Info:    Trying to load font information for OT1+ptm on input line 1
387.
(/usr/share/texlive/texmf-dist/tex/latex/psnfss/ot1ptm.fd
File: ot1ptm.fd 2001/06/04 font definitions for OT1/ptm.
) [1

]
LaTeX Font Info:    Trying to load font information for U+msa on input line 139
3.
(/usr/share/texlive/texmf-dist/tex/latex/amsfonts/umsa.fd
File: umsa.fd 2013/01/14 v3.01 AMS symbols A
)
LaTeX Font Info:    Trying to load font information for U+msb on input line 139
3.
(/usr/share/texlive/texmf-dist/tex/latex/amsfonts/umsb.fd
File: umsb.fd 2013/01/14 v3.01 AMS symbols B
) [2] [3] [4] [5] [6] [7] [8] [9] [10] [11] [12] [13] [14] [15] [16] [17] [18] 
[19] [20] [21] [22] [23] [24] [25] [26] [27] [28] [29] [30] [31] [32] [33] [34]
[35] [36] [37] [38] [39] [40] [41] [42] [43] [44] [45] [46] [47] [48]
--------------------------------------
--- Note --- for sources failing to produce clean mathml code, try the command 
line option `mathml-'
--------------------------------------
[49] [50] [51] [52] [53]) (/usr/share/texlive/texmf-dist/tex/generic/tex4ht/htm
l-mml.4ht
version 2018-12-05-15:46
) (/usr/share/texlive/texmf-dist/tex/generic/tex4ht/html5.4ht
version 2019-11-21-13:36
)) (/usr/share/texlive/texmf-dist/tex/generic/tex4ht/article.4ht (/usr/share/te
xlive/texmf-dist/tex/generic/tex4ht/html4.4ht
version 2020-02-14-14:21
--------------------------------------
--- Note --- for automatic sectioning pagination, use the command line option `
1', `2', `3', '4', '5', '6', or '7'
--------------------------------------
--------------------------------------
--- Note --- for files named derived from section titles, use the command line 
option `sec-filename'
--------------------------------------
--------------------------------------
--- Note --- for i-columns index, use the command line option `index=i' (e.g., 
index=2)
--------------------------------------
) (/usr/share/texlive/texmf-dist/tex/generic/tex4ht/unicode.4ht
version 2019-12-28-14:40
) (/usr/share/texlive/texmf-dist/tex/generic/tex4ht/mathml.4ht
version 2019-12-30-14:10
) (/usr/share/texlive/texmf-dist/tex/generic/tex4ht/html-mml.4ht
version 2018-12-05-15:46
) (/usr/share/texlive/texmf-dist/tex/generic/tex4ht/html5.4ht
version 2019-11-21-13:36
)) (/usr/share/texlive/texmf-dist/tex/generic/tex4ht/inputenc.4ht
version 2009-05-21-09:32
(/usr/share/texlive/texmf-dist/tex/generic/tex4ht/html4.4ht
version 2020-02-14-14:21
) (/usr/share/texlive/texmf-dist/tex/generic/tex4ht/unicode.4ht
version 2019-12-28-14:40
) (/usr/share/texlive/texmf-dist/tex/generic/tex4ht/mathml.4ht
version 2019-12-30-14:10
) (/usr/share/texlive/texmf-dist/tex/generic/tex4ht/html-mml.4ht
version 2018-12-05-15:46
) (/usr/share/texlive/texmf-dist/tex/generic/tex4ht/html5.4ht
version 2019-11-21-13:36
)) (/usr/share/texlive/texmf-dist/tex/generic/tex4ht/graphicx.4ht
version 2018-10-01-14:24
(/usr/share/texlive/texmf-dist/tex/generic/tex4ht/html4.4ht
version 2020-02-14-14:21
) (/usr/share/texlive/texmf-dist/tex/generic/tex4ht/unicode.4ht
version 2019-12-28-14:40
) (/usr/share/texlive/texmf-dist/tex/generic/tex4ht/mathml.4ht
version 2019-12-30-14:10
) (/usr/share/texlive/texmf-dist/tex/generic/tex4ht/html-mml.4ht
version 2018-12-05-15:46
) (/usr/share/texlive/texmf-dist/tex/generic/tex4ht/html5.4ht
version 2019-11-21-13:36
)) (/usr/share/texlive/texmf-dist/tex/generic/tex4ht/graphics.4ht (/usr/share/t
exlive/texmf-dist/tex/generic/tex4ht/html4.4ht
version 2020-02-14-14:21
--------------------------------------
--- Note --- if included graphics are of degraded quality, try the command line
 options `graphics-num' or `graphics-'. The `num' should provide the density of
 pixels in the bitmaps (e.g., 110). 
--------------------------------------
--------------------------------------
--- Note --- for key dimensions try the option `Gin-dim'; for key dimensions wh
en bounding box is unavailable try `Gin-dim+'; neither is recommended
--------------------------------------
) (/usr/share/texlive/texmf-dist/tex/generic/tex4ht/unicode.4ht
version 2019-12-28-14:40
) (/usr/share/texlive/texmf-dist/tex/generic/tex4ht/mathml.4ht
version 2019-12-30-14:10
) (/usr/share/texlive/texmf-dist/tex/generic/tex4ht/html-mml.4ht
version 2018-12-05-15:46
) (/usr/share/texlive/texmf-dist/tex/generic/tex4ht/html5.4ht
version 2019-11-21-13:36
)) (/usr/share/texlive/texmf-dist/tex/generic/tex4ht/dvips.4ht
version 2009-05-21-09:32
(/usr/share/texlive/texmf-dist/tex/generic/tex4ht/html4.4ht
version 2020-02-14-14:21
) (/usr/share/texlive/texmf-dist/tex/generic/tex4ht/unicode.4ht
version 2019-12-28-14:40
) (/usr/share/texlive/texmf-dist/tex/generic/tex4ht/mathml.4ht
version 2019-12-30-14:10
) (/usr/share/texlive/texmf-dist/tex/generic/tex4ht/html-mml.4ht
version 2018-12-05-15:46
) (/usr/share/texlive/texmf-dist/tex/generic/tex4ht/html5.4ht
version 2019-11-21-13:36
)) (/usr/share/texlive/texmf-dist/tex/generic/tex4ht/amsmath.4ht
version 2019-12-29-14:17
\tmp:muskip=\muskip18
(/usr/share/texlive/texmf-dist/tex/generic/tex4ht/html4.4ht
version 2020-02-14-14:21
) (/usr/share/texlive/texmf-dist/tex/generic/tex4ht/unicode.4ht
version 2019-12-28-14:40
) (/usr/share/texlive/texmf-dist/tex/generic/tex4ht/mathml.4ht
version 2019-12-30-14:10
) (/usr/share/texlive/texmf-dist/tex/generic/tex4ht/html-mml.4ht
version 2018-12-05-15:46
) (/usr/share/texlive/texmf-dist/tex/generic/tex4ht/html5.4ht
version 2019-11-21-13:36
)) (/usr/share/texlive/texmf-dist/tex/generic/tex4ht/amstext.4ht
version 2009-05-21-09:32
(/usr/share/texlive/texmf-dist/tex/generic/tex4ht/html4.4ht
version 2020-02-14-14:21
) (/usr/share/texlive/texmf-dist/tex/generic/tex4ht/unicode.4ht
version 2019-12-28-14:40
) (/usr/share/texlive/texmf-dist/tex/generic/tex4ht/mathml.4ht
version 2019-12-30-14:10
) (/usr/share/texlive/texmf-dist/tex/generic/tex4ht/html-mml.4ht
version 2018-12-05-15:46
) (/usr/share/texlive/texmf-dist/tex/generic/tex4ht/html5.4ht
version 2019-11-21-13:36
)) (/usr/share/texlive/texmf-dist/tex/generic/tex4ht/amsbsy.4ht
version 2009-05-21-09:32
(/usr/share/texlive/texmf-dist/tex/generic/tex4ht/html4.4ht
version 2020-02-14-14:21
) (/usr/share/texlive/texmf-dist/tex/generic/tex4ht/unicode.4ht
version 2019-12-28-14:40
) (/usr/share/texlive/texmf-dist/tex/generic/tex4ht/mathml.4ht
version 2019-12-30-14:10
) (/usr/share/texlive/texmf-dist/tex/generic/tex4ht/html-mml.4ht
version 2018-12-05-15:46
) (/usr/share/texlive/texmf-dist/tex/generic/tex4ht/html5.4ht
version 2019-11-21-13:36
)) (/usr/share/texlive/texmf-dist/tex/generic/tex4ht/amsopn.4ht
version 2009-05-21-09:32
(/usr/share/texlive/texmf-dist/tex/generic/tex4ht/html4.4ht
version 2020-02-14-14:21
) (/usr/share/texlive/texmf-dist/tex/generic/tex4ht/unicode.4ht
version 2019-12-28-14:40
) (/usr/share/texlive/texmf-dist/tex/generic/tex4ht/mathml.4ht
version 2019-12-30-14:10
) (/usr/share/texlive/texmf-dist/tex/generic/tex4ht/html-mml.4ht
version 2018-12-05-15:46
) (/usr/share/texlive/texmf-dist/tex/generic/tex4ht/html5.4ht
version 2019-11-21-13:36
)) (/usr/share/texlive/texmf-dist/tex/generic/tex4ht/amsthm.4ht
version 2009-05-21-09:32
(/usr/share/texlive/texmf-dist/tex/generic/tex4ht/html4.4ht
version 2020-02-14-14:21
) (/usr/share/texlive/texmf-dist/tex/generic/tex4ht/unicode.4ht
version 2019-12-28-14:40
) (/usr/share/texlive/texmf-dist/tex/generic/tex4ht/mathml.4ht
version 2019-12-30-14:10
) (/usr/share/texlive/texmf-dist/tex/generic/tex4ht/html-mml.4ht
version 2018-12-05-15:46
) (/usr/share/texlive/texmf-dist/tex/generic/tex4ht/html5.4ht
version 2019-11-21-13:36
)) (/usr/share/texlive/texmf-dist/tex/generic/tex4ht/amssymb.4ht
version 2009-05-21-09:32
(/usr/share/texlive/texmf-dist/tex/generic/tex4ht/html4.4ht
version 2020-02-14-14:21
) (/usr/share/texlive/texmf-dist/tex/generic/tex4ht/unicode.4ht
version 2019-12-28-14:40
) (/usr/share/texlive/texmf-dist/tex/generic/tex4ht/mathml.4ht
version 2019-12-30-14:10
[54] [55] [56] [57] [58] [59] [60] [61] [62] [63] [64] [65] [66] [67] [68] [69]
[70] [71] [72] [73] [74] [75] [76] [77] [78] [79] [80] [81] [82] [83] [84] [85]
[86] [87] [88] [89] [90] [91] [92] [93] [94] [95] [96] [97] [98] [99] [100] [10
1] [102] [103] [104] [105] [106] [107] [108] [109] [110] [111] [112] [113] [114
] [115] [116] [117] [118] [119] [120] [121] [122] [123] [124] [125] [126] [127]
[128] [129] [130] [131] [132] [133] [134] [135] [136] [137] [138] [139] [140] [
141] [142] [143] [144] [145] [146] [147] [148] [149] [150] [151] [152] [153] [1
54] [155] [156] [157] [158] [159] [160] [161] [162] [163] [164] [165] [166] [16
7] [168] [169] [170] [171] [172] [173] [174] [175] [176] [177] [178] [179] [180
] [181] [182] [183] [184] [185] [186] [187] [188] [189] [190] [191] [192] [193]
[194] [195] [196] [197] [198] [199] [200] [201] [202] [203] [204] [205] [206] [
207] [208] [209] [210] [211] [212] [213] [214] [215] [216] [217] [218] [219] [2
20] [221] [222] [223] [224] [225] [226] [227] [228] [229] [230] [231] [232] [23
3] [234] [235] [236] [237] [238] [239] [240] [241] [242] [243] [244] [245] [246
] [247] [248] [249] [250] [251] [252] [253] [254] [255] [256] [257]) (/usr/shar
e/texlive/texmf-dist/tex/generic/tex4ht/html-mml.4ht
version 2018-12-05-15:46
) (/usr/share/texlive/texmf-dist/tex/generic/tex4ht/html5.4ht
version 2019-11-21-13:36
)) (/usr/share/texlive/texmf-dist/tex/generic/tex4ht/amsfonts.4ht
version 2009-05-21-09:32
(/usr/share/texlive/texmf-dist/tex/generic/tex4ht/html4.4ht
version 2020-02-14-14:21
) (/usr/share/texlive/texmf-dist/tex/generic/tex4ht/unicode.4ht
version 2019-12-28-14:40
) (/usr/share/texlive/texmf-dist/tex/generic/tex4ht/mathml.4ht
version 2019-12-30-14:10
) (/usr/share/texlive/texmf-dist/tex/generic/tex4ht/html-mml.4ht
version 2018-12-05-15:46
) (/usr/share/texlive/texmf-dist/tex/generic/tex4ht/html5.4ht
version 2019-11-21-13:36
)) (/usr/share/texlive/texmf-dist/tex/generic/tex4ht/pgf.4ht
version 2009-05-21-09:32
(/usr/share/texlive/texmf-dist/tex/generic/tex4ht/html4.4ht
version 2020-02-14-14:21
) (/usr/share/texlive/texmf-dist/tex/generic/tex4ht/unicode.4ht
version 2019-12-28-14:40
) (/usr/share/texlive/texmf-dist/tex/generic/tex4ht/mathml.4ht
version 2019-12-30-14:10
) (/usr/share/texlive/texmf-dist/tex/generic/tex4ht/html-mml.4ht
version 2018-12-05-15:46
) (/usr/share/texlive/texmf-dist/tex/generic/tex4ht/html5.4ht
version 2019-11-21-13:36
)) (/usr/share/texlive/texmf-dist/tex/generic/tex4ht/everyshi.4ht
version 2009-05-21-09:32
(/usr/share/texlive/texmf-dist/tex/generic/tex4ht/html4.4ht
version 2020-02-14-14:21
) (/usr/share/texlive/texmf-dist/tex/generic/tex4ht/unicode.4ht
version 2019-12-28-14:40
) (/usr/share/texlive/texmf-dist/tex/generic/tex4ht/mathml.4ht
version 2019-12-30-14:10
) (/usr/share/texlive/texmf-dist/tex/generic/tex4ht/html-mml.4ht
version 2018-12-05-15:46
) (/usr/share/texlive/texmf-dist/tex/generic/tex4ht/html5.4ht
version 2019-11-21-13:36
)) (/usr/share/texlive/texmf-dist/tex/generic/tex4ht/xcolor.4ht
version 2019-04-09-10:06
(/usr/share/texlive/texmf-dist/tex/generic/tex4ht/color.4ht (/usr/share/texlive
/texmf-dist/tex/generic/tex4ht/html4.4ht
version 2020-02-14-14:21
) (/usr/share/texlive/texmf-dist/tex/generic/tex4ht/unicode.4ht
version 2019-12-28-14:40
) (/usr/share/texlive/texmf-dist/tex/generic/tex4ht/mathml.4ht
version 2019-12-30-14:10
) (/usr/share/texlive/texmf-dist/tex/generic/tex4ht/html-mml.4ht
version 2018-12-05-15:46
) (/usr/share/texlive/texmf-dist/tex/generic/tex4ht/html5.4ht
version 2019-11-21-13:36
)) (/usr/share/texlive/texmf-dist/tex/generic/tex4ht/html4.4ht
version 2020-02-14-14:21
) (/usr/share/texlive/texmf-dist/tex/generic/tex4ht/unicode.4ht
version 2019-12-28-14:40
) (/usr/share/texlive/texmf-dist/tex/generic/tex4ht/mathml.4ht
version 2019-12-30-14:10
) (/usr/share/texlive/texmf-dist/tex/generic/tex4ht/html-mml.4ht
version 2018-12-05-15:46
) (/usr/share/texlive/texmf-dist/tex/generic/tex4ht/html5.4ht
version 2019-11-21-13:36
)) (/usr/share/texlive/texmf-dist/tex/generic/tex4ht/color.4ht) (/usr/share/tex
live/texmf-dist/tex/generic/tex4ht/ifthen.4ht
version 2009-05-21-09:32
(/usr/share/texlive/texmf-dist/tex/generic/tex4ht/html4.4ht
version 2020-02-14-14:21
) (/usr/share/texlive/texmf-dist/tex/generic/tex4ht/unicode.4ht
version 2019-12-28-14:40
) (/usr/share/texlive/texmf-dist/tex/generic/tex4ht/mathml.4ht
version 2019-12-30-14:10
) (/usr/share/texlive/texmf-dist/tex/generic/tex4ht/html-mml.4ht
version 2018-12-05-15:46
) (/usr/share/texlive/texmf-dist/tex/generic/tex4ht/html5.4ht
version 2019-11-21-13:36
)) (/usr/share/texlive/texmf-dist/tex/generic/tex4ht/caption.4ht (/usr/share/te
xlive/texmf-dist/tex/generic/tex4ht/html4.4ht
version 2020-02-14-14:21
) (/usr/share/texlive/texmf-dist/tex/generic/tex4ht/unicode.4ht
version 2019-12-28-14:40
) (/usr/share/texlive/texmf-dist/tex/generic/tex4ht/mathml.4ht
version 2019-12-30-14:10
) (/usr/share/texlive/texmf-dist/tex/generic/tex4ht/html-mml.4ht
version 2018-12-05-15:46
) (/usr/share/texlive/texmf-dist/tex/generic/tex4ht/html5.4ht
version 2019-11-21-13:36
)) (/usr/share/texlive/texmf-dist/tex/generic/tex4ht/url.4ht
version 2009-05-21-09:32
(/usr/share/texlive/texmf-dist/tex/generic/tex4ht/html4.4ht
version 2020-02-14-14:21
--------------------------------------
--- Note --- for URL encoding within href use the command line option `url-enc'

--------------------------------------
) (/usr/share/texlive/texmf-dist/tex/generic/tex4ht/unicode.4ht
version 2019-12-28-14:40
) (/usr/share/texlive/texmf-dist/tex/generic/tex4ht/mathml.4ht
version 2019-12-30-14:10
) (/usr/share/texlive/texmf-dist/tex/generic/tex4ht/html-mml.4ht
version 2018-12-05-15:46
) (/usr/share/texlive/texmf-dist/tex/generic/tex4ht/html5.4ht
version 2019-11-21-13:36
)) (/usr/share/texlive/texmf-dist/tex/generic/tex4ht/float.4ht
version 2009-05-21-09:32
(/usr/share/texlive/texmf-dist/tex/generic/tex4ht/html4.4ht
version 2020-02-14-14:21
) (/usr/share/texlive/texmf-dist/tex/generic/tex4ht/unicode.4ht
version 2019-12-28-14:40
) (/usr/share/texlive/texmf-dist/tex/generic/tex4ht/mathml.4ht
version 2019-12-30-14:10
) (/usr/share/texlive/texmf-dist/tex/generic/tex4ht/html-mml.4ht
version 2018-12-05-15:46
) (/usr/share/texlive/texmf-dist/tex/generic/tex4ht/html5.4ht
version 2019-11-21-13:36
)) (/usr/share/texlive/texmf-dist/tex/generic/tex4ht/html4.4ht
version 2020-02-14-14:21
) (/usr/share/texlive/texmf-dist/tex/generic/tex4ht/unicode.4ht
version 2019-12-28-14:40
) (/usr/share/texlive/texmf-dist/tex/generic/tex4ht/mathml.4ht
version 2019-12-30-14:10
) (/usr/share/texlive/texmf-dist/tex/generic/tex4ht/html-mml.4ht
version 2018-12-05-15:46
) (/usr/share/texlive/texmf-dist/tex/generic/tex4ht/html5.4ht
version 2019-11-21-13:36
)) (/usr/share/texlive/texmf-dist/tex/latex/l3backend/l3backend-dvips.def
File: l3backend-dvips.def 2020-02-03 L3 backend support: dvips
\l__pdf_internal_box=\box62
\g__pdf_backend_object_int=\count287
\l__pdf_backend_content_box=\box63
\l__pdf_backend_model_box=\box64
\g__pdf_backend_annotation_int=\count288
\g__pdf_backend_link_int=\count289
\g__pdf_backend_link_sf_int=\count290
) (./main.aux)
\openout1 = `main.aux'.

LaTeX Font Info:    Checking defaults for OML/cmm/m/it on input line 6.
LaTeX Font Info:    ... okay on input line 6.
LaTeX Font Info:    Checking defaults for OMS/cmsy/m/n on input line 6.
LaTeX Font Info:    ... okay on input line 6.
LaTeX Font Info:    Checking defaults for OT1/cmr/m/n on input line 6.
LaTeX Font Info:    ... okay on input line 6.
LaTeX Font Info:    Checking defaults for T1/cmr/m/n on input line 6.
LaTeX Font Info:    ... okay on input line 6.
LaTeX Font Info:    Checking defaults for TS1/cmr/m/n on input line 6.
LaTeX Font Info:    ... okay on input line 6.
LaTeX Font Info:    Checking defaults for OMX/cmex/m/n on input line 6.
LaTeX Font Info:    ... okay on input line 6.
LaTeX Font Info:    Checking defaults for U/cmr/m/n on input line 6.
LaTeX Font Info:    ... okay on input line 6.
Package caption Info: Begin \AtBeginDocument code.
Package caption Info: float package is loaded.
Package caption Info: End \AtBeginDocument code.
--- file main.css ---
) [1] [2] [3]
LaTeX Font Info:    Trying to load font information for OT1+pcr on input line 4
8.
(/usr/share/texlive/texmf-dist/tex/latex/psnfss/ot1pcr.fd
File: ot1pcr.fd 2001/06/04 font definitions for OT1/pcr.
) (./main.4ct) [4] [5] [6] [7

] [8

] [9

] [10

]
l.91 --- TeX4ht warning --- File `"model.xbb"' not found ---
l.91 --- TeX4ht warning --- Cannot determine size of graphic in "model.xbb" (no
 BoundingBox) ---
l. 91 --- needs --- model-.png ---
[11

] [12

] [13]
l.135 --- TeX4ht warning --- File `"diagram-cropped.xbb"' not found ---
l.135 --- TeX4ht warning --- Cannot determine size of graphic in "diagram-cropp
ed.xbb" (no BoundingBox) ---
l. 135 --- needs --- diagram-cropped-.png ---
[14] [15]
LaTeX Font Info:    Trying to load font information for TS1+ptm on input line 1
79.
(/usr/share/texlive/texmf-dist/tex/latex/psnfss/ts1ptm.fd
File: ts1ptm.fd 2001/06/04 font definitions for TS1/ptm.
) [16] [17] [18] [19] [20] [21]
l.273 --- TeX4ht warning --- File `"projection-cropped.xbb"' not found ---
l.273 --- TeX4ht warning --- Cannot determine size of graphic in "projection-cr
opped.xbb" (no BoundingBox) ---
l. 273 --- needs --- projection-cropped-.png ---
[22] [23]
LaTeX Font Info:    Trying to load font information for U+bbm on input line 314
.
(/usr/share/texlive/texmf-dist/tex/latex/bbm-macros/ubbm.fd
File: ubbm.fd 1999/03/15 V 1.2 Font definition for bbm font - TH
) [24] [25] [26] [27] [28] [29

]
l.387 --- TeX4ht warning --- File `"problem-cropped.xbb"' not found ---
l.387 --- TeX4ht warning --- Cannot determine size of graphic in "problem-cropp
ed.xbb" (no BoundingBox) ---
l. 387 --- needs --- problem-cropped-.png ---
[30

] [31

] [32] [33] [34] [35] [36] [37] [38] [39] [40] [41

]
l.551 --- TeX4ht warning --- File `"newton_trace_WCVT.xbb"' not found ---
l.551 --- TeX4ht warning --- Cannot determine size of graphic in "newton_trace_
WCVT.xbb" (no BoundingBox) ---
l. 551 --- needs --- newton_trace_WCVT-.png ---
[42

] [43

] [44

]
l.572 --- TeX4ht warning --- File `"parameter-alpha-cropped.xbb"' not found ---

l.572 --- TeX4ht warning --- Cannot determine size of graphic in "parameter-alp
ha-cropped.xbb" (no BoundingBox) ---
l. 572 --- needs --- parameter-alpha-cropped-.png ---
[45

]

LaTeX Warning: Reference `fig: alpha_negative' on page 46 undefined on input li
ne 577.

[46

] [47] [48

]
l.600 --- TeX4ht warning --- File `"alpha_0_trace_close_is_good_enough.xbb"' no
t found ---
l.600 --- TeX4ht warning --- Cannot determine size of graphic in "alpha_0_trace
_close_is_good_enough.xbb" (no BoundingBox) ---
l. 600 --- needs --- alpha_0_trace_close_is_good_enough-.png ---
[49

] [50

] [51] [52] [53] [54] [55] [56] [57] [58] [59

]
l.769 --- TeX4ht warning --- File `"example.xbb"' not found ---
l.769 --- TeX4ht warning --- Cannot determine size of graphic in "example.xbb" 
(no BoundingBox) ---
l. 769 --- needs --- example-.png ---
[60

] [61

] [62

]
l.794 --- TeX4ht warning --- File `"example_estimation.xbb"' not found ---
l.794 --- TeX4ht warning --- Cannot determine size of graphic in "example_estim
ation.xbb" (no BoundingBox) ---
l. 794 --- needs --- example_estimation-.png ---
[63

] (./main.bbl [64

] [65]) [66] [67

] (./main.aux)

LaTeX Warning: There were undefined references.

 ) 
Here is how much of TeX's memory you used:
 20598 strings out of 481240
 376095 string characters out of 5920403
 712078 words of memory out of 5000000
 35165 multiletter control sequences out of 15000+600000
 547404 words of font info for 74 fonts, out of 8000000 for 9000
 1141 hyphenation exceptions out of 8191
 68i,15n,76p,1880b,543s stack positions out of 5000i,500n,10000p,200000b,80000s

Output written on main.dvi (324 pages, 472308 bytes).
